# JRE version: OpenJDK Runtime Environment Temurin-17.0.13+11 (17.0.13+11) (build 17.0.13+11)
# Java VM: OpenJDK 64-Bit Server VM Temurin-17.0.13+11 (17.0.13+11, mixed mode, tiered, compressed oops, compressed class ptrs, parallel gc, windows-amd64)
GC Precious Log:
 CPUs: 4 total, 4 available
 Memory: 7914M
 Large Page Support: Disabled
 NUMA Support: Disabled
 Compressed Oops: Enabled (32-bit)
 Alignments: Space 512K, Generation 512K, Heap 2M
 Heap Min Capacity: 100M
 Heap Initial Capacity: 100M
 Heap Max Capacity: 1G
 Pre-touch: Disabled
 Parallel Workers: 4
Heap:
 PSYoungGen      total 15872K, used 15603K [0x00000000eab00000, 0x00000000ebd80000, 0x0000000100000000)
  eden space 12800K, 100% used [0x00000000eab00000,0x00000000eb780000,0x00000000eb780000)
  from space 3072K, 91% used [0x00000000eba80000,0x00000000ebd3cc38,0x00000000ebd80000)
  to   space 3072K, 0% used [0x00000000eb780000,0x00000000eb780000,0x00000000eba80000)
 ParOldGen       total 243200K, used 218393K [0x00000000c0000000, 0x00000000ced80000, 0x00000000eab00000)
  object space 243200K, 89% used [0x00000000c0000000,0x00000000cd5466e8,0x00000000ced80000)
 Metaspace       used 78119K, committed 79424K, reserved 1179648K
  class space    used 8076K, committed 8640K, reserved 1048576K
GC Heap History (20 events):
Event: 33.892 GC heap before
{Heap before GC invocations=268 (full 12):
 PSYoungGen      total 8192K, used 7944K [0x00000000eab00000, 0x00000000eb600000, 0x0000000100000000)
  eden space 6656K, 98% used [0x00000000eab00000,0x00000000eb1654a8,0x00000000eb180000)
  from space 1536K, 90% used [0x00000000eb480000,0x00000000eb5dce70,0x00000000eb600000)
  to   space 2048K, 0% used [0x00000000eb200000,0x00000000eb200000,0x00000000eb400000)
 ParOldGen       total 243200K, used 208495K [0x00000000c0000000, 0x00000000ced80000, 0x00000000eab00000)
  object space 243200K, 85% used [0x00000000c0000000,0x00000000ccb9bf00,0x00000000ced80000)
 Metaspace       used 78007K, committed 79296K, reserved 1179648K
  class space    used 8074K, committed 8640K, reserved 1048576K
}
Event: 33.895 GC heap after
{Heap after GC invocations=268 (full 12):
 PSYoungGen      total 8704K, used 2021K [0x00000000eab00000, 0x00000000eb680000, 0x0000000100000000)
  eden space 6656K, 0% used [0x00000000eab00000,0x00000000eab00000,0x00000000eb180000)
  from space 2048K, 98% used [0x00000000eb200000,0x00000000eb3f97b8,0x00000000eb400000)
  to   space 2560K, 0% used [0x00000000eb400000,0x00000000eb400000,0x00000000eb680000)
 ParOldGen       total 243200K, used 208720K [0x00000000c0000000, 0x00000000ced80000, 0x00000000eab00000)
  object space 243200K, 85% used [0x00000000c0000000,0x00000000ccbd43c0,0x00000000ced80000)
 Metaspace       used 78007K, committed 79296K, reserved 1179648K
  class space    used 8074K, committed 8640K, reserved 1048576K
}
Event: 33.926 GC heap before
{Heap before GC invocations=269 (full 12):
 PSYoungGen      total 8704K, used 8607K [0x00000000eab00000, 0x00000000eb680000, 0x0000000100000000)
  eden space 6656K, 98% used [0x00000000eab00000,0x00000000eb16e608,0x00000000eb180000)
  from space 2048K, 98% used [0x00000000eb200000,0x00000000eb3f97b8,0x00000000eb400000)
  to   space 2560K, 0% used [0x00000000eb400000,0x00000000eb400000,0x00000000eb680000)
 ParOldGen       total 243200K, used 208720K [0x00000000c0000000, 0x00000000ced80000, 0x00000000eab00000)
  object space 243200K, 85% used [0x00000000c0000000,0x00000000ccbd43c0,0x00000000ced80000)
 Metaspace       used 78009K, committed 79296K, reserved 1179648K
  class space    used 8074K, committed 8640K, reserved 1048576K
}
Event: 33.930 GC heap after
{Heap after GC invocations=269 (full 12):
 PSYoungGen      total 8704K, used 1856K [0x00000000eab00000, 0x00000000eb600000, 0x0000000100000000)
  eden space 6656K, 0% used [0x00000000eab00000,0x00000000eab00000,0x00000000eb180000)
  from space 2048K, 90% used [0x00000000eb400000,0x00000000eb5d00a0,0x00000000eb600000)
  to   space 2048K, 0% used [0x00000000eb200000,0x00000000eb200000,0x00000000eb400000)
 ParOldGen       total 243200K, used 209888K [0x00000000c0000000, 0x00000000ced80000, 0x00000000eab00000)
  object space 243200K, 86% used [0x00000000c0000000,0x00000000cccf8148,0x00000000ced80000)
 Metaspace       used 78009K, committed 79296K, reserved 1179648K
  class space    used 8074K, committed 8640K, reserved 1048576K
}
Event: 33.948 GC heap before
{Heap before GC invocations=270 (full 12):
 PSYoungGen      total 8704K, used 8512K [0x00000000eab00000, 0x00000000eb600000, 0x0000000100000000)
  eden space 6656K, 100% used [0x00000000eab00000,0x00000000eb180000,0x00000000eb180000)
  from space 2048K, 90% used [0x00000000eb400000,0x00000000eb5d00a0,0x00000000eb600000)
  to   space 2048K, 0% used [0x00000000eb200000,0x00000000eb200000,0x00000000eb400000)
 ParOldGen       total 243200K, used 209888K [0x00000000c0000000, 0x00000000ced80000, 0x00000000eab00000)
  object space 243200K, 86% used [0x00000000c0000000,0x00000000cccf8148,0x00000000ced80000)
 Metaspace       used 78009K, committed 79296K, reserved 1179648K
  class space    used 8074K, committed 8640K, reserved 1048576K
}
Event: 33.951 GC heap after
{Heap after GC invocations=270 (full 12):
 PSYoungGen      total 9216K, used 2030K [0x00000000eab00000, 0x00000000eb880000, 0x0000000100000000)
  eden space 7168K, 0% used [0x00000000eab00000,0x00000000eab00000,0x00000000eb200000)
  from space 2048K, 99% used [0x00000000eb200000,0x00000000eb3fba18,0x00000000eb400000)
  to   space 3072K, 0% used [0x00000000eb580000,0x00000000eb580000,0x00000000eb880000)
 ParOldGen       total 243200K, used 210567K [0x00000000c0000000, 0x00000000ced80000, 0x00000000eab00000)
  object space 243200K, 86% used [0x00000000c0000000,0x00000000ccda1c18,0x00000000ced80000)
 Metaspace       used 78009K, committed 79296K, reserved 1179648K
  class space    used 8074K, committed 8640K, reserved 1048576K
}
Event: 33.976 GC heap before
{Heap before GC invocations=271 (full 12):
 PSYoungGen      total 9216K, used 9198K [0x00000000eab00000, 0x00000000eb880000, 0x0000000100000000)
  eden space 7168K, 100% used [0x00000000eab00000,0x00000000eb200000,0x00000000eb200000)
  from space 2048K, 99% used [0x00000000eb200000,0x00000000eb3fba18,0x00000000eb400000)
  to   space 3072K, 0% used [0x00000000eb580000,0x00000000eb580000,0x00000000eb880000)
 ParOldGen       total 243200K, used 210567K [0x00000000c0000000, 0x00000000ced80000, 0x00000000eab00000)
  object space 243200K, 86% used [0x00000000c0000000,0x00000000ccda1c18,0x00000000ced80000)
 Metaspace       used 78009K, committed 79296K, reserved 1179648K
  class space    used 8074K, committed 8640K, reserved 1048576K
}
Event: 33.978 GC heap after
{Heap after GC invocations=271 (full 12):
 PSYoungGen      total 10752K, used 1847K [0x00000000eab00000, 0x00000000eb800000, 0x0000000100000000)
  eden space 8192K, 0% used [0x00000000eab00000,0x00000000eab00000,0x00000000eb300000)
  from space 2560K, 72% used [0x00000000eb580000,0x00000000eb74dce8,0x00000000eb800000)
  to   space 2560K, 0% used [0x00000000eb300000,0x00000000eb300000,0x00000000eb580000)
 ParOldGen       total 243200K, used 211884K [0x00000000c0000000, 0x00000000ced80000, 0x00000000eab00000)
  object space 243200K, 87% used [0x00000000c0000000,0x00000000cceeb288,0x00000000ced80000)
 Metaspace       used 78009K, committed 79296K, reserved 1179648K
  class space    used 8074K, committed 8640K, reserved 1048576K
}
Event: 34.001 GC heap before
{Heap before GC invocations=272 (full 12):
 PSYoungGen      total 10752K, used 10032K [0x00000000eab00000, 0x00000000eb800000, 0x0000000100000000)
  eden space 8192K, 99% used [0x00000000eab00000,0x00000000eb2fe710,0x00000000eb300000)
  from space 2560K, 72% used [0x00000000eb580000,0x00000000eb74dce8,0x00000000eb800000)
  to   space 2560K, 0% used [0x00000000eb300000,0x00000000eb300000,0x00000000eb580000)
 ParOldGen       total 243200K, used 211884K [0x00000000c0000000, 0x00000000ced80000, 0x00000000eab00000)
  object space 243200K, 87% used [0x00000000c0000000,0x00000000cceeb288,0x00000000ced80000)
 Metaspace       used 78009K, committed 79296K, reserved 1179648K
  class space    used 8074K, committed 8640K, reserved 1048576K
}
Event: 34.004 GC heap after
{Heap after GC invocations=272 (full 12):
 PSYoungGen      total 10752K, used 2539K [0x00000000eab00000, 0x00000000ebb00000, 0x0000000100000000)
  eden space 8192K, 0% used [0x00000000eab00000,0x00000000eab00000,0x00000000eb300000)
  from space 2560K, 99% used [0x00000000eb300000,0x00000000eb57ad50,0x00000000eb580000)
  to   space 3584K, 0% used [0x00000000eb780000,0x00000000eb780000,0x00000000ebb00000)
 ParOldGen       total 243200K, used 212259K [0x00000000c0000000, 0x00000000ced80000, 0x00000000eab00000)
  object space 243200K, 87% used [0x00000000c0000000,0x00000000ccf48cd8,0x00000000ced80000)
 Metaspace       used 78009K, committed 79296K, reserved 1179648K
  class space    used 8074K, committed 8640K, reserved 1048576K
}
Event: 34.039 GC heap before
{Heap before GC invocations=273 (full 12):
 PSYoungGen      total 10752K, used 10731K [0x00000000eab00000, 0x00000000ebb00000, 0x0000000100000000)
  eden space 8192K, 100% used [0x00000000eab00000,0x00000000eb300000,0x00000000eb300000)
  from space 2560K, 99% used [0x00000000eb300000,0x00000000eb57ad50,0x00000000eb580000)
  to   space 3584K, 0% used [0x00000000eb780000,0x00000000eb780000,0x00000000ebb00000)
 ParOldGen       total 243200K, used 212259K [0x00000000c0000000, 0x00000000ced80000, 0x00000000eab00000)
  object space 243200K, 87% used [0x00000000c0000000,0x00000000ccf48cd8,0x00000000ced80000)
 Metaspace       used 78009K, committed 79296K, reserved 1179648K
  class space    used 8074K, committed 8640K, reserved 1048576K
}
Event: 34.044 GC heap after
{Heap after GC invocations=273 (full 12):
 PSYoungGen      total 11776K, used 2087K [0x00000000eab00000, 0x00000000eba00000, 0x0000000100000000)
  eden space 9216K, 0% used [0x00000000eab00000,0x00000000eab00000,0x00000000eb400000)
  from space 2560K, 81% used [0x00000000eb780000,0x00000000eb989ef0,0x00000000eba00000)
  to   space 2560K, 0% used [0x00000000eb500000,0x00000000eb500000,0x00000000eb780000)
 ParOldGen       total 243200K, used 213847K [0x00000000c0000000, 0x00000000ced80000, 0x00000000eab00000)
  object space 243200K, 87% used [0x00000000c0000000,0x00000000cd0d5f30,0x00000000ced80000)
 Metaspace       used 78009K, committed 79296K, reserved 1179648K
  class space    used 8074K, committed 8640K, reserved 1048576K
}
Event: 34.069 GC heap before
{Heap before GC invocations=274 (full 12):
 PSYoungGen      total 11776K, used 11303K [0x00000000eab00000, 0x00000000eba00000, 0x0000000100000000)
  eden space 9216K, 100% used [0x00000000eab00000,0x00000000eb400000,0x00000000eb400000)
  from space 2560K, 81% used [0x00000000eb780000,0x00000000eb989ef0,0x00000000eba00000)
  to   space 2560K, 0% used [0x00000000eb500000,0x00000000eb500000,0x00000000eb780000)
 ParOldGen       total 243200K, used 213847K [0x00000000c0000000, 0x00000000ced80000, 0x00000000eab00000)
  object space 243200K, 87% used [0x00000000c0000000,0x00000000cd0d5f30,0x00000000ced80000)
 Metaspace       used 78009K, committed 79296K, reserved 1179648K
  class space    used 8074K, committed 8640K, reserved 1048576K
}
Event: 34.073 GC heap after
{Heap after GC invocations=274 (full 12):
 PSYoungGen      total 12800K, used 2498K [0x00000000eab00000, 0x00000000ebb80000, 0x0000000100000000)
  eden space 10240K, 0% used [0x00000000eab00000,0x00000000eab00000,0x00000000eb500000)
  from space 2560K, 97% used [0x00000000eb500000,0x00000000eb770860,0x00000000eb780000)
  to   space 3072K, 0% used [0x00000000eb880000,0x00000000eb880000,0x00000000ebb80000)
 ParOldGen       total 243200K, used 214800K [0x00000000c0000000, 0x00000000ced80000, 0x00000000eab00000)
  object space 243200K, 88% used [0x00000000c0000000,0x00000000cd1c42d0,0x00000000ced80000)
 Metaspace       used 78009K, committed 79296K, reserved 1179648K
  class space    used 8074K, committed 8640K, reserved 1048576K
}
Event: 34.107 GC heap before
{Heap before GC invocations=275 (full 12):
 PSYoungGen      total 12800K, used 12708K [0x00000000eab00000, 0x00000000ebb80000, 0x0000000100000000)
  eden space 10240K, 99% used [0x00000000eab00000,0x00000000eb4f8948,0x00000000eb500000)
  from space 2560K, 97% used [0x00000000eb500000,0x00000000eb770860,0x00000000eb780000)
  to   space 3072K, 0% used [0x00000000eb880000,0x00000000eb880000,0x00000000ebb80000)
 ParOldGen       total 243200K, used 214800K [0x00000000c0000000, 0x00000000ced80000, 0x00000000eab00000)
  object space 243200K, 88% used [0x00000000c0000000,0x00000000cd1c42d0,0x00000000ced80000)
 Metaspace       used 78009K, committed 79296K, reserved 1179648K
  class space    used 8074K, committed 8640K, reserved 1048576K
}
Event: 34.110 GC heap after
{Heap after GC invocations=275 (full 12):
 PSYoungGen      total 13824K, used 2525K [0x00000000eab00000, 0x00000000ebb00000, 0x0000000100000000)
  eden space 11264K, 0% used [0x00000000eab00000,0x00000000eab00000,0x00000000eb600000)
  from space 2560K, 98% used [0x00000000eb880000,0x00000000ebaf7740,0x00000000ebb00000)
  to   space 2560K, 0% used [0x00000000eb600000,0x00000000eb600000,0x00000000eb880000)
 ParOldGen       total 243200K, used 215844K [0x00000000c0000000, 0x00000000ced80000, 0x00000000eab00000)
  object space 243200K, 88% used [0x00000000c0000000,0x00000000cd2c91f0,0x00000000ced80000)
 Metaspace       used 78009K, committed 79296K, reserved 1179648K
  class space    used 8074K, committed 8640K, reserved 1048576K
}
Event: 34.136 GC heap before
{Heap before GC invocations=276 (full 12):
 PSYoungGen      total 13824K, used 13789K [0x00000000eab00000, 0x00000000ebb00000, 0x0000000100000000)
  eden space 11264K, 100% used [0x00000000eab00000,0x00000000eb600000,0x00000000eb600000)
  from space 2560K, 98% used [0x00000000eb880000,0x00000000ebaf7740,0x00000000ebb00000)
  to   space 2560K, 0% used [0x00000000eb600000,0x00000000eb600000,0x00000000eb880000)
 ParOldGen       total 243200K, used 215844K [0x00000000c0000000, 0x00000000ced80000, 0x00000000eab00000)
  object space 243200K, 88% used [0x00000000c0000000,0x00000000cd2c91f0,0x00000000ced80000)
 Metaspace       used 78009K, committed 79296K, reserved 1179648K
  class space    used 8074K, committed 8640K, reserved 1048576K
}
Event: 34.139 GC heap after
{Heap after GC invocations=276 (full 12):
 PSYoungGen      total 13824K, used 2557K [0x00000000eab00000, 0x00000000ebd80000, 0x0000000100000000)
  eden space 11264K, 0% used [0x00000000eab00000,0x00000000eab00000,0x00000000eb600000)
  from space 2560K, 99% used [0x00000000eb600000,0x00000000eb87f458,0x00000000eb880000)
  to   space 3072K, 0% used [0x00000000eba80000,0x00000000eba80000,0x00000000ebd80000)
 ParOldGen       total 243200K, used 217163K [0x00000000c0000000, 0x00000000ced80000, 0x00000000eab00000)
  object space 243200K, 89% used [0x00000000c0000000,0x00000000cd412cb0,0x00000000ced80000)
 Metaspace       used 78009K, committed 79296K, reserved 1179648K
  class space    used 8074K, committed 8640K, reserved 1048576K
}
Event: 34.215 GC heap before
{Heap before GC invocations=277 (full 12):
 PSYoungGen      total 13824K, used 13821K [0x00000000eab00000, 0x00000000ebd80000, 0x0000000100000000)
  eden space 11264K, 100% used [0x00000000eab00000,0x00000000eb600000,0x00000000eb600000)
  from space 2560K, 99% used [0x00000000eb600000,0x00000000eb87f458,0x00000000eb880000)
  to   space 3072K, 0% used [0x00000000eba80000,0x00000000eba80000,0x00000000ebd80000)
 ParOldGen       total 243200K, used 217163K [0x00000000c0000000, 0x00000000ced80000, 0x00000000eab00000)
  object space 243200K, 89% used [0x00000000c0000000,0x00000000cd412cb0,0x00000000ced80000)
 Metaspace       used 78030K, committed 79296K, reserved 1179648K
  class space    used 8075K, committed 8640K, reserved 1048576K
}
Event: 34.222 GC heap after
{Heap after GC invocations=277 (full 12):
 PSYoungGen      total 15872K, used 2803K [0x00000000eab00000, 0x00000000ebd80000, 0x0000000100000000)
  eden space 12800K, 0% used [0x00000000eab00000,0x00000000eab00000,0x00000000eb780000)
  from space 3072K, 91% used [0x00000000eba80000,0x00000000ebd3cc38,0x00000000ebd80000)
  to   space 3072K, 0% used [0x00000000eb780000,0x00000000eb780000,0x00000000eba80000)
 ParOldGen       total 243200K, used 218393K [0x00000000c0000000, 0x00000000ced80000, 0x00000000eab00000)
  object space 243200K, 89% used [0x00000000c0000000,0x00000000cd5466e8,0x00000000ced80000)
 Metaspace       used 78030K, committed 79296K, reserved 1179648K
  class space    used 8075K, committed 8640K, reserved 1048576K
}

