# JRE version: OpenJDK Runtime Environment Temurin-17.0.13+11 (17.0.13+11) (build 17.0.13+11)
# Java VM: OpenJDK 64-Bit Server VM Temurin-17.0.13+11 (17.0.13+11, mixed mode, tiered, compressed oops, compressed class ptrs, parallel gc, windows-amd64)
GC Precious Log:
 CPUs: 4 total, 4 available
 Memory: 7914M
 Large Page Support: Disabled
 NUMA Support: Disabled
 Compressed Oops: Enabled (32-bit)
 Alignments: Space 512K, Generation 512K, Heap 2M
 Heap Min Capacity: 100M
 Heap Initial Capacity: 100M
 Heap Max Capacity: 1G
 Pre-touch: Disabled
 Parallel Workers: 4
Heap:
 PSYoungGen      total 13824K, used 12969K [0x00000000eab00000, 0x00000000ec280000, 0x0000000100000000)
  eden space 8192K, 89% used [0x00000000eab00000,0x00000000eb22b860,0x00000000eb300000)
  from space 5632K, 99% used [0x00000000eba00000,0x00000000ebf7ecb0,0x00000000ebf80000)
  to   space 7168K, 0% used [0x00000000eb300000,0x00000000eb300000,0x00000000eba00000)
 ParOldGen       total 364032K, used 327545K [0x00000000c0000000, 0x00000000d6380000, 0x00000000eab00000)
  object space 364032K, 89% used [0x00000000c0000000,0x00000000d3fde428,0x00000000d6380000)
 Metaspace       used 75428K, committed 76736K, reserved 1179648K
  class space    used 7887K, committed 8512K, reserved 1048576K
GC Heap History (20 events):
Event: 36.189 GC heap before
{Heap before GC invocations=345 (full 15):
 PSYoungGen      total 17408K, used 13312K [0x00000000eab00000, 0x00000000ec000000, 0x0000000100000000)
  eden space 13312K, 100% used [0x00000000eab00000,0x00000000eb800000,0x00000000eb800000)
  from space 4096K, 0% used [0x00000000ebc00000,0x00000000ebc00000,0x00000000ec000000)
  to   space 4096K, 0% used [0x00000000eb800000,0x00000000eb800000,0x00000000ebc00000)
 ParOldGen       total 364032K, used 311866K [0x00000000c0000000, 0x00000000d6380000, 0x00000000eab00000)
  object space 364032K, 85% used [0x00000000c0000000,0x00000000d308eb58,0x00000000d6380000)
 Metaspace       used 75424K, committed 76736K, reserved 1179648K
  class space    used 7887K, committed 8512K, reserved 1048576K
}
Event: 36.190 GC heap after
{Heap after GC invocations=345 (full 15):
 PSYoungGen      total 17408K, used 3003K [0x00000000eab00000, 0x00000000ec000000, 0x0000000100000000)
  eden space 13312K, 0% used [0x00000000eab00000,0x00000000eab00000,0x00000000eb800000)
  from space 4096K, 73% used [0x00000000eb800000,0x00000000ebaeee78,0x00000000ebc00000)
  to   space 3584K, 0% used [0x00000000ebc80000,0x00000000ebc80000,0x00000000ec000000)
 ParOldGen       total 364032K, used 311866K [0x00000000c0000000, 0x00000000d6380000, 0x00000000eab00000)
  object space 364032K, 85% used [0x00000000c0000000,0x00000000d308eb58,0x00000000d6380000)
 Metaspace       used 75424K, committed 76736K, reserved 1179648K
  class space    used 7887K, committed 8512K, reserved 1048576K
}
Event: 36.241 GC heap before
{Heap before GC invocations=346 (full 15):
 PSYoungGen      total 17408K, used 16315K [0x00000000eab00000, 0x00000000ec000000, 0x0000000100000000)
  eden space 13312K, 100% used [0x00000000eab00000,0x00000000eb800000,0x00000000eb800000)
  from space 4096K, 73% used [0x00000000eb800000,0x00000000ebaeee78,0x00000000ebc00000)
  to   space 3584K, 0% used [0x00000000ebc80000,0x00000000ebc80000,0x00000000ec000000)
 ParOldGen       total 364032K, used 311866K [0x00000000c0000000, 0x00000000d6380000, 0x00000000eab00000)
  object space 364032K, 85% used [0x00000000c0000000,0x00000000d308eb58,0x00000000d6380000)
 Metaspace       used 75424K, committed 76736K, reserved 1179648K
  class space    used 7887K, committed 8512K, reserved 1048576K
}
Event: 36.245 GC heap after
{Heap after GC invocations=346 (full 15):
 PSYoungGen      total 14848K, used 3582K [0x00000000eab00000, 0x00000000ec600000, 0x0000000100000000)
  eden space 11264K, 0% used [0x00000000eab00000,0x00000000eab00000,0x00000000eb600000)
  from space 3584K, 99% used [0x00000000ebc80000,0x00000000ebfffb50,0x00000000ec000000)
  to   space 6656K, 0% used [0x00000000eb600000,0x00000000eb600000,0x00000000ebc80000)
 ParOldGen       total 364032K, used 314393K [0x00000000c0000000, 0x00000000d6380000, 0x00000000eab00000)
  object space 364032K, 86% used [0x00000000c0000000,0x00000000d33067b0,0x00000000d6380000)
 Metaspace       used 75424K, committed 76736K, reserved 1179648K
  class space    used 7887K, committed 8512K, reserved 1048576K
}
Event: 36.271 GC heap before
{Heap before GC invocations=347 (full 15):
 PSYoungGen      total 14848K, used 14846K [0x00000000eab00000, 0x00000000ec600000, 0x0000000100000000)
  eden space 11264K, 100% used [0x00000000eab00000,0x00000000eb600000,0x00000000eb600000)
  from space 3584K, 99% used [0x00000000ebc80000,0x00000000ebfffb50,0x00000000ec000000)
  to   space 6656K, 0% used [0x00000000eb600000,0x00000000eb600000,0x00000000ebc80000)
 ParOldGen       total 364032K, used 314393K [0x00000000c0000000, 0x00000000d6380000, 0x00000000eab00000)
  object space 364032K, 86% used [0x00000000c0000000,0x00000000d33067b0,0x00000000d6380000)
 Metaspace       used 75424K, committed 76736K, reserved 1179648K
  class space    used 7887K, committed 8512K, reserved 1048576K
}
Event: 36.279 GC heap after
{Heap after GC invocations=347 (full 15):
 PSYoungGen      total 15872K, used 4177K [0x00000000eab00000, 0x00000000ec100000, 0x0000000100000000)
  eden space 11264K, 0% used [0x00000000eab00000,0x00000000eab00000,0x00000000eb600000)
  from space 4608K, 90% used [0x00000000eb600000,0x00000000eba14688,0x00000000eba80000)
  to   space 5120K, 0% used [0x00000000ebc00000,0x00000000ebc00000,0x00000000ec100000)
 ParOldGen       total 364032K, used 316258K [0x00000000c0000000, 0x00000000d6380000, 0x00000000eab00000)
  object space 364032K, 86% used [0x00000000c0000000,0x00000000d34d8848,0x00000000d6380000)
 Metaspace       used 75424K, committed 76736K, reserved 1179648K
  class space    used 7887K, committed 8512K, reserved 1048576K
}
Event: 36.307 GC heap before
{Heap before GC invocations=348 (full 15):
 PSYoungGen      total 15872K, used 15441K [0x00000000eab00000, 0x00000000ec100000, 0x0000000100000000)
  eden space 11264K, 100% used [0x00000000eab00000,0x00000000eb600000,0x00000000eb600000)
  from space 4608K, 90% used [0x00000000eb600000,0x00000000eba14688,0x00000000eba80000)
  to   space 5120K, 0% used [0x00000000ebc00000,0x00000000ebc00000,0x00000000ec100000)
 ParOldGen       total 364032K, used 316258K [0x00000000c0000000, 0x00000000d6380000, 0x00000000eab00000)
  object space 364032K, 86% used [0x00000000c0000000,0x00000000d34d8848,0x00000000d6380000)
 Metaspace       used 75424K, committed 76736K, reserved 1179648K
  class space    used 7887K, committed 8512K, reserved 1048576K
}
Event: 36.312 GC heap after
{Heap after GC invocations=348 (full 15):
 PSYoungGen      total 14336K, used 5116K [0x00000000eab00000, 0x00000000ec700000, 0x0000000100000000)
  eden space 9216K, 0% used [0x00000000eab00000,0x00000000eab00000,0x00000000eb400000)
  from space 5120K, 99% used [0x00000000ebc00000,0x00000000ec0ff298,0x00000000ec100000)
  to   space 8192K, 0% used [0x00000000eb400000,0x00000000eb400000,0x00000000ebc00000)
 ParOldGen       total 364032K, used 318321K [0x00000000c0000000, 0x00000000d6380000, 0x00000000eab00000)
  object space 364032K, 87% used [0x00000000c0000000,0x00000000d36dc6f0,0x00000000d6380000)
 Metaspace       used 75424K, committed 76736K, reserved 1179648K
  class space    used 7887K, committed 8512K, reserved 1048576K
}
Event: 36.353 GC heap before
{Heap before GC invocations=349 (full 15):
 PSYoungGen      total 14336K, used 14332K [0x00000000eab00000, 0x00000000ec700000, 0x0000000100000000)
  eden space 9216K, 100% used [0x00000000eab00000,0x00000000eb400000,0x00000000eb400000)
  from space 5120K, 99% used [0x00000000ebc00000,0x00000000ec0ff298,0x00000000ec100000)
  to   space 8192K, 0% used [0x00000000eb400000,0x00000000eb400000,0x00000000ebc00000)
 ParOldGen       total 364032K, used 318321K [0x00000000c0000000, 0x00000000d6380000, 0x00000000eab00000)
  object space 364032K, 87% used [0x00000000c0000000,0x00000000d36dc6f0,0x00000000d6380000)
 Metaspace       used 75424K, committed 76736K, reserved 1179648K
  class space    used 7887K, committed 8512K, reserved 1048576K
}
Event: 36.359 GC heap after
{Heap after GC invocations=349 (full 15):
 PSYoungGen      total 13824K, used 4432K [0x00000000eab00000, 0x00000000ec000000, 0x0000000100000000)
  eden space 9216K, 0% used [0x00000000eab00000,0x00000000eab00000,0x00000000eb400000)
  from space 4608K, 96% used [0x00000000eb400000,0x00000000eb854180,0x00000000eb880000)
  to   space 5632K, 0% used [0x00000000eba80000,0x00000000eba80000,0x00000000ec000000)
 ParOldGen       total 364032K, used 321039K [0x00000000c0000000, 0x00000000d6380000, 0x00000000eab00000)
  object space 364032K, 88% used [0x00000000c0000000,0x00000000d3983f50,0x00000000d6380000)
 Metaspace       used 75424K, committed 76736K, reserved 1179648K
  class space    used 7887K, committed 8512K, reserved 1048576K
}
Event: 36.376 GC heap before
{Heap before GC invocations=350 (full 15):
 PSYoungGen      total 13824K, used 13507K [0x00000000eab00000, 0x00000000ec000000, 0x0000000100000000)
  eden space 9216K, 98% used [0x00000000eab00000,0x00000000eb3dca90,0x00000000eb400000)
  from space 4608K, 96% used [0x00000000eb400000,0x00000000eb854180,0x00000000eb880000)
  to   space 5632K, 0% used [0x00000000eba80000,0x00000000eba80000,0x00000000ec000000)
 ParOldGen       total 364032K, used 321039K [0x00000000c0000000, 0x00000000d6380000, 0x00000000eab00000)
  object space 364032K, 88% used [0x00000000c0000000,0x00000000d3983f50,0x00000000d6380000)
 Metaspace       used 75424K, committed 76736K, reserved 1179648K
  class space    used 7887K, committed 8512K, reserved 1048576K
}
Event: 36.382 GC heap after
{Heap after GC invocations=350 (full 15):
 PSYoungGen      total 13824K, used 5600K [0x00000000eab00000, 0x00000000ec400000, 0x0000000100000000)
  eden space 8192K, 0% used [0x00000000eab00000,0x00000000eab00000,0x00000000eb300000)
  from space 5632K, 99% used [0x00000000eba80000,0x00000000ebff80f8,0x00000000ec000000)
  to   space 7680K, 0% used [0x00000000eb300000,0x00000000eb300000,0x00000000eba80000)
 ParOldGen       total 364032K, used 322490K [0x00000000c0000000, 0x00000000d6380000, 0x00000000eab00000)
  object space 364032K, 88% used [0x00000000c0000000,0x00000000d3aee8a0,0x00000000d6380000)
 Metaspace       used 75424K, committed 76736K, reserved 1179648K
  class space    used 7887K, committed 8512K, reserved 1048576K
}
Event: 36.398 GC heap before
{Heap before GC invocations=351 (full 15):
 PSYoungGen      total 13824K, used 13792K [0x00000000eab00000, 0x00000000ec400000, 0x0000000100000000)
  eden space 8192K, 99% used [0x00000000eab00000,0x00000000eb2fffd0,0x00000000eb300000)
  from space 5632K, 99% used [0x00000000eba80000,0x00000000ebff80f8,0x00000000ec000000)
  to   space 7680K, 0% used [0x00000000eb300000,0x00000000eb300000,0x00000000eba80000)
 ParOldGen       total 364032K, used 322490K [0x00000000c0000000, 0x00000000d6380000, 0x00000000eab00000)
  object space 364032K, 88% used [0x00000000c0000000,0x00000000d3aee8a0,0x00000000d6380000)
 Metaspace       used 75424K, committed 76736K, reserved 1179648K
  class space    used 7887K, committed 8512K, reserved 1048576K
}
Event: 36.405 GC heap after
{Heap after GC invocations=351 (full 15):
 PSYoungGen      total 12288K, used 3988K [0x00000000eab00000, 0x00000000ebe00000, 0x0000000100000000)
  eden space 8192K, 0% used [0x00000000eab00000,0x00000000eab00000,0x00000000eb300000)
  from space 4096K, 97% used [0x00000000eb300000,0x00000000eb6e5168,0x00000000eb700000)
  to   space 5120K, 0% used [0x00000000eb900000,0x00000000eb900000,0x00000000ebe00000)
 ParOldGen       total 364032K, used 325929K [0x00000000c0000000, 0x00000000d6380000, 0x00000000eab00000)
  object space 364032K, 89% used [0x00000000c0000000,0x00000000d3e4a498,0x00000000d6380000)
 Metaspace       used 75424K, committed 76736K, reserved 1179648K
  class space    used 7887K, committed 8512K, reserved 1048576K
}
Event: 36.427 GC heap before
{Heap before GC invocations=352 (full 15):
 PSYoungGen      total 12288K, used 12180K [0x00000000eab00000, 0x00000000ebe00000, 0x0000000100000000)
  eden space 8192K, 100% used [0x00000000eab00000,0x00000000eb300000,0x00000000eb300000)
  from space 4096K, 97% used [0x00000000eb300000,0x00000000eb6e5168,0x00000000eb700000)
  to   space 5120K, 0% used [0x00000000eb900000,0x00000000eb900000,0x00000000ebe00000)
 ParOldGen       total 364032K, used 325929K [0x00000000c0000000, 0x00000000d6380000, 0x00000000eab00000)
  object space 364032K, 89% used [0x00000000c0000000,0x00000000d3e4a498,0x00000000d6380000)
 Metaspace       used 75424K, committed 76736K, reserved 1179648K
  class space    used 7887K, committed 8512K, reserved 1048576K
}
Event: 36.430 GC heap after
{Heap after GC invocations=352 (full 15):
 PSYoungGen      total 13824K, used 5114K [0x00000000eab00000, 0x00000000ebf00000, 0x0000000100000000)
  eden space 8704K, 0% used [0x00000000eab00000,0x00000000eab00000,0x00000000eb380000)
  from space 5120K, 99% used [0x00000000eb900000,0x00000000ebdfebd8,0x00000000ebe00000)
  to   space 5632K, 0% used [0x00000000eb380000,0x00000000eb380000,0x00000000eb900000)
 ParOldGen       total 364032K, used 326282K [0x00000000c0000000, 0x00000000d6380000, 0x00000000eab00000)
  object space 364032K, 89% used [0x00000000c0000000,0x00000000d3ea2b70,0x00000000d6380000)
 Metaspace       used 75424K, committed 76736K, reserved 1179648K
  class space    used 7887K, committed 8512K, reserved 1048576K
}
Event: 36.581 GC heap before
{Heap before GC invocations=353 (full 15):
 PSYoungGen      total 13824K, used 13793K [0x00000000eab00000, 0x00000000ebf00000, 0x0000000100000000)
  eden space 8704K, 99% used [0x00000000eab00000,0x00000000eb379a18,0x00000000eb380000)
  from space 5120K, 99% used [0x00000000eb900000,0x00000000ebdfebd8,0x00000000ebe00000)
  to   space 5632K, 0% used [0x00000000eb380000,0x00000000eb380000,0x00000000eb900000)
 ParOldGen       total 364032K, used 326282K [0x00000000c0000000, 0x00000000d6380000, 0x00000000eab00000)
  object space 364032K, 89% used [0x00000000c0000000,0x00000000d3ea2b70,0x00000000d6380000)
 Metaspace       used 75424K, committed 76736K, reserved 1179648K
  class space    used 7887K, committed 8512K, reserved 1048576K
}
Event: 36.585 GC heap after
{Heap after GC invocations=353 (full 15):
 PSYoungGen      total 14336K, used 5407K [0x00000000eab00000, 0x00000000ebf80000, 0x0000000100000000)
  eden space 8704K, 0% used [0x00000000eab00000,0x00000000eab00000,0x00000000eb380000)
  from space 5632K, 96% used [0x00000000eb380000,0x00000000eb8c7e18,0x00000000eb900000)
  to   space 5632K, 0% used [0x00000000eba00000,0x00000000eba00000,0x00000000ebf80000)
 ParOldGen       total 364032K, used 326282K [0x00000000c0000000, 0x00000000d6380000, 0x00000000eab00000)
  object space 364032K, 89% used [0x00000000c0000000,0x00000000d3ea2b70,0x00000000d6380000)
 Metaspace       used 75424K, committed 76736K, reserved 1179648K
  class space    used 7887K, committed 8512K, reserved 1048576K
}
Event: 36.630 GC heap before
{Heap before GC invocations=354 (full 15):
 PSYoungGen      total 14336K, used 14108K [0x00000000eab00000, 0x00000000ebf80000, 0x0000000100000000)
  eden space 8704K, 99% used [0x00000000eab00000,0x00000000eb37f408,0x00000000eb380000)
  from space 5632K, 96% used [0x00000000eb380000,0x00000000eb8c7e18,0x00000000eb900000)
  to   space 5632K, 0% used [0x00000000eba00000,0x00000000eba00000,0x00000000ebf80000)
 ParOldGen       total 364032K, used 326327K [0x00000000c0000000, 0x00000000d6380000, 0x00000000eab00000)
  object space 364032K, 89% used [0x00000000c0000000,0x00000000d3eade20,0x00000000d6380000)
 Metaspace       used 75424K, committed 76736K, reserved 1179648K
  class space    used 7887K, committed 8512K, reserved 1048576K
}
Event: 36.637 GC heap after
{Heap after GC invocations=354 (full 15):
 PSYoungGen      total 13824K, used 5627K [0x00000000eab00000, 0x00000000ec280000, 0x0000000100000000)
  eden space 8192K, 0% used [0x00000000eab00000,0x00000000eab00000,0x00000000eb300000)
  from space 5632K, 99% used [0x00000000eba00000,0x00000000ebf7ecb0,0x00000000ebf80000)
  to   space 7168K, 0% used [0x00000000eb300000,0x00000000eb300000,0x00000000eba00000)
 ParOldGen       total 364032K, used 327545K [0x00000000c0000000, 0x00000000d6380000, 0x00000000eab00000)
  object space 364032K, 89% used [0x00000000c0000000,0x00000000d3fde428,0x00000000d6380000)
 Metaspace       used 75424K, committed 76736K, reserved 1179648K
  class space    used 7887K, committed 8512K, reserved 1048576K
}

