# JRE version: OpenJDK Runtime Environment Temurin-17.0.13+11 (17.0.13+11) (build 17.0.13+11)
# Java VM: OpenJDK 64-Bit Server VM Temurin-17.0.13+11 (17.0.13+11, mixed mode, tiered, compressed oops, compressed class ptrs, parallel gc, windows-amd64)
GC Precious Log:
 CPUs: 4 total, 4 available
 Memory: 7914M
 Large Page Support: Disabled
 NUMA Support: Disabled
 Compressed Oops: Enabled (32-bit)
 Alignments: Space 512K, Generation 512K, Heap 2M
 Heap Min Capacity: 100M
 Heap Initial Capacity: 100M
 Heap Max Capacity: 1G
 Pre-touch: Disabled
 Parallel Workers: 4
Heap:
 PSYoungGen      total 9216K, used 7409K [0x00000000eab00000, 0x00000000eb900000, 0x0000000100000000)
  eden space 5120K, 66% used [0x00000000eab00000,0x00000000eae52ed8,0x00000000eb000000)
  from space 4096K, 97% used [0x00000000eb500000,0x00000000eb8e9800,0x00000000eb900000)
  to   space 4608K, 0% used [0x00000000eb000000,0x00000000eb000000,0x00000000eb480000)
 ParOldGen       total 250368K, used 211945K [0x00000000c0000000, 0x00000000cf480000, 0x00000000eab00000)
  object space 250368K, 84% used [0x00000000c0000000,0x00000000ccefa780,0x00000000cf480000)
 Metaspace       used 103631K, committed 105088K, reserved 1179648K
  class space    used 10185K, committed 10816K, reserved 1048576K
GC Heap History (20 events):
Event: 4585.504 GC heap before
{Heap before GC invocations=4423 (full 113):
 PSYoungGen      total 9216K, used 9204K [0x00000000eab00000, 0x00000000eb900000, 0x0000000100000000)
  eden space 8704K, 100% used [0x00000000eab00000,0x00000000eb380000,0x00000000eb380000)
  from space 512K, 97% used [0x00000000eb880000,0x00000000eb8fd220,0x00000000eb900000)
  to   space 1024K, 0% used [0x00000000eb700000,0x00000000eb700000,0x00000000eb800000)
 ParOldGen       total 250368K, used 154362K [0x00000000c0000000, 0x00000000cf480000, 0x00000000eab00000)
  object space 250368K, 61% used [0x00000000c0000000,0x00000000c96bea38,0x00000000cf480000)
 Metaspace       used 103622K, committed 105088K, reserved 1179648K
  class space    used 10185K, committed 10816K, reserved 1048576K
}
Event: 4585.505 GC heap after
{Heap after GC invocations=4423 (full 113):
 PSYoungGen      total 9728K, used 276K [0x00000000eab00000, 0x00000000eb900000, 0x0000000100000000)
  eden space 8704K, 0% used [0x00000000eab00000,0x00000000eab00000,0x00000000eb380000)
  from space 1024K, 27% used [0x00000000eb700000,0x00000000eb745220,0x00000000eb800000)
  to   space 512K, 0% used [0x00000000eb880000,0x00000000eb880000,0x00000000eb900000)
 ParOldGen       total 250368K, used 154855K [0x00000000c0000000, 0x00000000cf480000, 0x00000000eab00000)
  object space 250368K, 61% used [0x00000000c0000000,0x00000000c9739c78,0x00000000cf480000)
 Metaspace       used 103622K, committed 105088K, reserved 1179648K
  class space    used 10185K, committed 10816K, reserved 1048576K
}
Event: 4586.098 GC heap before
{Heap before GC invocations=4424 (full 113):
 PSYoungGen      total 9728K, used 8980K [0x00000000eab00000, 0x00000000eb900000, 0x0000000100000000)
  eden space 8704K, 100% used [0x00000000eab00000,0x00000000eb380000,0x00000000eb380000)
  from space 1024K, 27% used [0x00000000eb700000,0x00000000eb745220,0x00000000eb800000)
  to   space 512K, 0% used [0x00000000eb880000,0x00000000eb880000,0x00000000eb900000)
 ParOldGen       total 250368K, used 154855K [0x00000000c0000000, 0x00000000cf480000, 0x00000000eab00000)
  object space 250368K, 61% used [0x00000000c0000000,0x00000000c9739c78,0x00000000cf480000)
 Metaspace       used 103622K, committed 105088K, reserved 1179648K
  class space    used 10185K, committed 10816K, reserved 1048576K
}
Event: 4586.100 GC heap after
{Heap after GC invocations=4424 (full 113):
 PSYoungGen      total 9216K, used 490K [0x00000000eab00000, 0x00000000eb900000, 0x0000000100000000)
  eden space 8704K, 0% used [0x00000000eab00000,0x00000000eab00000,0x00000000eb380000)
  from space 512K, 95% used [0x00000000eb880000,0x00000000eb8fa910,0x00000000eb900000)
  to   space 1536K, 0% used [0x00000000eb600000,0x00000000eb600000,0x00000000eb780000)
 ParOldGen       total 250368K, used 155331K [0x00000000c0000000, 0x00000000cf480000, 0x00000000eab00000)
  object space 250368K, 62% used [0x00000000c0000000,0x00000000c97b0eb8,0x00000000cf480000)
 Metaspace       used 103622K, committed 105088K, reserved 1179648K
  class space    used 10185K, committed 10816K, reserved 1048576K
}
Event: 4587.060 GC heap before
{Heap before GC invocations=4425 (full 113):
 PSYoungGen      total 9216K, used 9194K [0x00000000eab00000, 0x00000000eb900000, 0x0000000100000000)
  eden space 8704K, 100% used [0x00000000eab00000,0x00000000eb380000,0x00000000eb380000)
  from space 512K, 95% used [0x00000000eb880000,0x00000000eb8fa910,0x00000000eb900000)
  to   space 1536K, 0% used [0x00000000eb600000,0x00000000eb600000,0x00000000eb780000)
 ParOldGen       total 250368K, used 155331K [0x00000000c0000000, 0x00000000cf480000, 0x00000000eab00000)
  object space 250368K, 62% used [0x00000000c0000000,0x00000000c97b0eb8,0x00000000cf480000)
 Metaspace       used 103627K, committed 105088K, reserved 1179648K
  class space    used 10185K, committed 10816K, reserved 1048576K
}
Event: 4587.065 GC heap after
{Heap after GC invocations=4425 (full 113):
 PSYoungGen      total 10240K, used 1532K [0x00000000eab00000, 0x00000000ebf80000, 0x0000000100000000)
  eden space 8704K, 0% used [0x00000000eab00000,0x00000000eab00000,0x00000000eb380000)
  from space 1536K, 99% used [0x00000000eb600000,0x00000000eb77f3e0,0x00000000eb780000)
  to   space 6144K, 0% used [0x00000000eb980000,0x00000000eb980000,0x00000000ebf80000)
 ParOldGen       total 250368K, used 159051K [0x00000000c0000000, 0x00000000cf480000, 0x00000000eab00000)
  object space 250368K, 63% used [0x00000000c0000000,0x00000000c9b52eb8,0x00000000cf480000)
 Metaspace       used 103627K, committed 105088K, reserved 1179648K
  class space    used 10185K, committed 10816K, reserved 1048576K
}
Event: 4587.133 GC heap before
{Heap before GC invocations=4426 (full 113):
 PSYoungGen      total 10240K, used 10236K [0x00000000eab00000, 0x00000000ebf80000, 0x0000000100000000)
  eden space 8704K, 100% used [0x00000000eab00000,0x00000000eb380000,0x00000000eb380000)
  from space 1536K, 99% used [0x00000000eb600000,0x00000000eb77f3e0,0x00000000eb780000)
  to   space 6144K, 0% used [0x00000000eb980000,0x00000000eb980000,0x00000000ebf80000)
 ParOldGen       total 250368K, used 159051K [0x00000000c0000000, 0x00000000cf480000, 0x00000000eab00000)
  object space 250368K, 63% used [0x00000000c0000000,0x00000000c9b52eb8,0x00000000cf480000)
 Metaspace       used 103627K, committed 105088K, reserved 1179648K
  class space    used 10185K, committed 10816K, reserved 1048576K
}
Event: 4587.143 GC heap after
{Heap after GC invocations=4426 (full 113):
 PSYoungGen      total 10240K, used 6144K [0x00000000eab00000, 0x00000000ec880000, 0x0000000100000000)
  eden space 4096K, 0% used [0x00000000eab00000,0x00000000eab00000,0x00000000eaf00000)
  from space 6144K, 100% used [0x00000000eb980000,0x00000000ebf80000,0x00000000ebf80000)
  to   space 10752K, 0% used [0x00000000eaf00000,0x00000000eaf00000,0x00000000eb980000)
 ParOldGen       total 250368K, used 162648K [0x00000000c0000000, 0x00000000cf480000, 0x00000000eab00000)
  object space 250368K, 64% used [0x00000000c0000000,0x00000000c9ed6298,0x00000000cf480000)
 Metaspace       used 103627K, committed 105088K, reserved 1179648K
  class space    used 10185K, committed 10816K, reserved 1048576K
}
Event: 4587.166 GC heap before
{Heap before GC invocations=4427 (full 113):
 PSYoungGen      total 10240K, used 10239K [0x00000000eab00000, 0x00000000ec880000, 0x0000000100000000)
  eden space 4096K, 99% used [0x00000000eab00000,0x00000000eaeffff0,0x00000000eaf00000)
  from space 6144K, 100% used [0x00000000eb980000,0x00000000ebf80000,0x00000000ebf80000)
  to   space 10752K, 0% used [0x00000000eaf00000,0x00000000eaf00000,0x00000000eb980000)
 ParOldGen       total 250368K, used 162648K [0x00000000c0000000, 0x00000000cf480000, 0x00000000eab00000)
  object space 250368K, 64% used [0x00000000c0000000,0x00000000c9ed6298,0x00000000cf480000)
 Metaspace       used 103627K, committed 105088K, reserved 1179648K
  class space    used 10185K, committed 10816K, reserved 1048576K
}
Event: 4587.170 GC heap after
{Heap after GC invocations=4427 (full 113):
 PSYoungGen      total 6656K, used 2508K [0x00000000eab00000, 0x00000000eba00000, 0x0000000100000000)
  eden space 4096K, 0% used [0x00000000eab00000,0x00000000eab00000,0x00000000eaf00000)
  from space 2560K, 97% used [0x00000000eaf00000,0x00000000eb173010,0x00000000eb180000)
  to   space 5632K, 0% used [0x00000000eb480000,0x00000000eb480000,0x00000000eba00000)
 ParOldGen       total 250368K, used 168840K [0x00000000c0000000, 0x00000000cf480000, 0x00000000eab00000)
  object space 250368K, 67% used [0x00000000c0000000,0x00000000ca4e2298,0x00000000cf480000)
 Metaspace       used 103627K, committed 105088K, reserved 1179648K
  class space    used 10185K, committed 10816K, reserved 1048576K
}
Event: 4587.208 GC heap before
{Heap before GC invocations=4428 (full 113):
 PSYoungGen      total 6656K, used 6014K [0x00000000eab00000, 0x00000000eba00000, 0x0000000100000000)
  eden space 4096K, 85% used [0x00000000eab00000,0x00000000eae6cba8,0x00000000eaf00000)
  from space 2560K, 97% used [0x00000000eaf00000,0x00000000eb173010,0x00000000eb180000)
  to   space 5632K, 0% used [0x00000000eb480000,0x00000000eb480000,0x00000000eba00000)
 ParOldGen       total 250368K, used 168840K [0x00000000c0000000, 0x00000000cf480000, 0x00000000eab00000)
  object space 250368K, 67% used [0x00000000c0000000,0x00000000ca4e2298,0x00000000cf480000)
 Metaspace       used 103627K, committed 105088K, reserved 1179648K
  class space    used 10185K, committed 10816K, reserved 1048576K
}
Event: 4587.211 GC heap after
{Heap after GC invocations=4428 (full 113):
 PSYoungGen      total 7680K, used 3362K [0x00000000eab00000, 0x00000000eb800000, 0x0000000100000000)
  eden space 4096K, 0% used [0x00000000eab00000,0x00000000eab00000,0x00000000eaf00000)
  from space 3584K, 93% used [0x00000000eb480000,0x00000000eb7c8a98,0x00000000eb800000)
  to   space 4096K, 0% used [0x00000000eb000000,0x00000000eb000000,0x00000000eb400000)
 ParOldGen       total 250368K, used 170856K [0x00000000c0000000, 0x00000000cf480000, 0x00000000eab00000)
  object space 250368K, 68% used [0x00000000c0000000,0x00000000ca6da2f8,0x00000000cf480000)
 Metaspace       used 103627K, committed 105088K, reserved 1179648K
  class space    used 10185K, committed 10816K, reserved 1048576K
}
Event: 4587.240 GC heap before
{Heap before GC invocations=4429 (full 113):
 PSYoungGen      total 7680K, used 7458K [0x00000000eab00000, 0x00000000eb800000, 0x0000000100000000)
  eden space 4096K, 100% used [0x00000000eab00000,0x00000000eaf00000,0x00000000eaf00000)
  from space 3584K, 93% used [0x00000000eb480000,0x00000000eb7c8a98,0x00000000eb800000)
  to   space 4096K, 0% used [0x00000000eb000000,0x00000000eb000000,0x00000000eb400000)
 ParOldGen       total 250368K, used 170856K [0x00000000c0000000, 0x00000000cf480000, 0x00000000eab00000)
  object space 250368K, 68% used [0x00000000c0000000,0x00000000ca6da2f8,0x00000000cf480000)
 Metaspace       used 103627K, committed 105088K, reserved 1179648K
  class space    used 10185K, committed 10816K, reserved 1048576K
}
Event: 4587.243 GC heap after
{Heap after GC invocations=4429 (full 113):
 PSYoungGen      total 7680K, used 3202K [0x00000000eab00000, 0x00000000eb600000, 0x0000000100000000)
  eden space 4096K, 0% used [0x00000000eab00000,0x00000000eab00000,0x00000000eaf00000)
  from space 3584K, 89% used [0x00000000eb000000,0x00000000eb3208a8,0x00000000eb380000)
  to   space 2560K, 0% used [0x00000000eb380000,0x00000000eb380000,0x00000000eb600000)
 ParOldGen       total 250368K, used 174117K [0x00000000c0000000, 0x00000000cf480000, 0x00000000eab00000)
  object space 250368K, 69% used [0x00000000c0000000,0x00000000caa09590,0x00000000cf480000)
 Metaspace       used 103627K, committed 105088K, reserved 1179648K
  class space    used 10185K, committed 10816K, reserved 1048576K
}
Event: 4587.371 GC heap before
{Heap before GC invocations=4430 (full 113):
 PSYoungGen      total 7680K, used 7298K [0x00000000eab00000, 0x00000000eb600000, 0x0000000100000000)
  eden space 4096K, 100% used [0x00000000eab00000,0x00000000eaf00000,0x00000000eaf00000)
  from space 3584K, 89% used [0x00000000eb000000,0x00000000eb3208a8,0x00000000eb380000)
  to   space 2560K, 0% used [0x00000000eb380000,0x00000000eb380000,0x00000000eb600000)
 ParOldGen       total 250368K, used 204837K [0x00000000c0000000, 0x00000000cf480000, 0x00000000eab00000)
  object space 250368K, 81% used [0x00000000c0000000,0x00000000cc8095c0,0x00000000cf480000)
 Metaspace       used 103629K, committed 105088K, reserved 1179648K
  class space    used 10185K, committed 10816K, reserved 1048576K
}
Event: 4587.373 GC heap after
{Heap after GC invocations=4430 (full 113):
 PSYoungGen      total 6144K, used 1652K [0x00000000eab00000, 0x00000000eb580000, 0x0000000100000000)
  eden space 4096K, 0% used [0x00000000eab00000,0x00000000eab00000,0x00000000eaf00000)
  from space 2048K, 80% used [0x00000000eb380000,0x00000000eb51d1c0,0x00000000eb580000)
  to   space 2560K, 0% used [0x00000000eb080000,0x00000000eb080000,0x00000000eb300000)
 ParOldGen       total 250368K, used 206621K [0x00000000c0000000, 0x00000000cf480000, 0x00000000eab00000)
  object space 250368K, 82% used [0x00000000c0000000,0x00000000cc9c75c0,0x00000000cf480000)
 Metaspace       used 103629K, committed 105088K, reserved 1179648K
  class space    used 10185K, committed 10816K, reserved 1048576K
}
Event: 4587.389 GC heap before
{Heap before GC invocations=4431 (full 113):
 PSYoungGen      total 6144K, used 5748K [0x00000000eab00000, 0x00000000eb580000, 0x0000000100000000)
  eden space 4096K, 100% used [0x00000000eab00000,0x00000000eaf00000,0x00000000eaf00000)
  from space 2048K, 80% used [0x00000000eb380000,0x00000000eb51d1c0,0x00000000eb580000)
  to   space 2560K, 0% used [0x00000000eb080000,0x00000000eb080000,0x00000000eb300000)
 ParOldGen       total 250368K, used 206621K [0x00000000c0000000, 0x00000000cf480000, 0x00000000eab00000)
  object space 250368K, 82% used [0x00000000c0000000,0x00000000cc9c75c0,0x00000000cf480000)
 Metaspace       used 103631K, committed 105088K, reserved 1179648K
  class space    used 10185K, committed 10816K, reserved 1048576K
}
Event: 4587.392 GC heap after
{Heap after GC invocations=4431 (full 113):
 PSYoungGen      total 6656K, used 2560K [0x00000000eab00000, 0x00000000ebb00000, 0x0000000100000000)
  eden space 4096K, 0% used [0x00000000eab00000,0x00000000eab00000,0x00000000eaf00000)
  from space 2560K, 100% used [0x00000000eb080000,0x00000000eb300000,0x00000000eb300000)
  to   space 6144K, 0% used [0x00000000eb500000,0x00000000eb500000,0x00000000ebb00000)
 ParOldGen       total 250368K, used 209353K [0x00000000c0000000, 0x00000000cf480000, 0x00000000eab00000)
  object space 250368K, 83% used [0x00000000c0000000,0x00000000ccc72780,0x00000000cf480000)
 Metaspace       used 103631K, committed 105088K, reserved 1179648K
  class space    used 10185K, committed 10816K, reserved 1048576K
}
Event: 4587.406 GC heap before
{Heap before GC invocations=4432 (full 113):
 PSYoungGen      total 6656K, used 6620K [0x00000000eab00000, 0x00000000ebb00000, 0x0000000100000000)
  eden space 4096K, 99% used [0x00000000eab00000,0x00000000eaef7230,0x00000000eaf00000)
  from space 2560K, 100% used [0x00000000eb080000,0x00000000eb300000,0x00000000eb300000)
  to   space 6144K, 0% used [0x00000000eb500000,0x00000000eb500000,0x00000000ebb00000)
 ParOldGen       total 250368K, used 209353K [0x00000000c0000000, 0x00000000cf480000, 0x00000000eab00000)
  object space 250368K, 83% used [0x00000000c0000000,0x00000000ccc72780,0x00000000cf480000)
 Metaspace       used 103631K, committed 105088K, reserved 1179648K
  class space    used 10185K, committed 10816K, reserved 1048576K
}
Event: 4587.415 GC heap after
{Heap after GC invocations=4432 (full 113):
 PSYoungGen      total 9216K, used 4006K [0x00000000eab00000, 0x00000000eb900000, 0x0000000100000000)
  eden space 5120K, 0% used [0x00000000eab00000,0x00000000eab00000,0x00000000eb000000)
  from space 4096K, 97% used [0x00000000eb500000,0x00000000eb8e9800,0x00000000eb900000)
  to   space 4608K, 0% used [0x00000000eb000000,0x00000000eb000000,0x00000000eb480000)
 ParOldGen       total 250368K, used 211945K [0x00000000c0000000, 0x00000000cf480000, 0x00000000eab00000)
  object space 250368K, 84% used [0x00000000c0000000,0x00000000ccefa780,0x00000000cf480000)
 Metaspace       used 103631K, committed 105088K, reserved 1179648K
  class space    used 10185K, committed 10816K, reserved 1048576K
}

