# JRE version: OpenJDK Runtime Environment Temurin-17.0.13+11 (17.0.13+11) (build 17.0.13+11)
# Java VM: OpenJDK 64-Bit Server VM Temurin-17.0.13+11 (17.0.13+11, mixed mode, tiered, compressed oops, compressed class ptrs, parallel gc, windows-amd64)
GC Precious Log:
 CPUs: 4 total, 4 available
 Memory: 7914M
 Large Page Support: Disabled
 NUMA Support: Disabled
 Compressed Oops: Enabled (32-bit)
 Alignments: Space 512K, Generation 512K, Heap 2M
 Heap Min Capacity: 100M
 Heap Initial Capacity: 100M
 Heap Max Capacity: 1G
 Pre-touch: Disabled
 Parallel Workers: 4
Heap:
 PSYoungGen      total 17920K, used 7792K [0x00000000eab00000, 0x00000000ec000000, 0x0000000100000000)
  eden space 15872K, 38% used [0x00000000eab00000,0x00000000eb102e08,0x00000000eba80000)
  from space 2048K, 79% used [0x00000000ebc80000,0x00000000ebe19210,0x00000000ebe80000)
  to   space 1536K, 0% used [0x00000000ebe80000,0x00000000ebe80000,0x00000000ec000000)
 ParOldGen       total 79360K, used 64028K [0x00000000c0000000, 0x00000000c4d80000, 0x00000000eab00000)
  object space 79360K, 80% used [0x00000000c0000000,0x00000000c3e873b0,0x00000000c4d80000)
 Metaspace       used 72277K, committed 73600K, reserved 1114112K
  class space    used 7631K, committed 8256K, reserved 1048576K
GC Heap History (20 events):
Event: 47.705 GC heap before
{Heap before GC invocations=83 (full 3):
 PSYoungGen      total 17920K, used 17728K [0x00000000eab00000, 0x00000000ebe00000, 0x0000000100000000)
  eden space 17408K, 100% used [0x00000000eab00000,0x00000000ebc00000,0x00000000ebc00000)
  from space 512K, 62% used [0x00000000ebd00000,0x00000000ebd50000,0x00000000ebd80000)
  to   space 512K, 0% used [0x00000000ebd80000,0x00000000ebd80000,0x00000000ebe00000)
 ParOldGen       total 68608K, used 66450K [0x00000000c0000000, 0x00000000c4300000, 0x00000000eab00000)
  object space 68608K, 96% used [0x00000000c0000000,0x00000000c40e4898,0x00000000c4300000)
 Metaspace       used 66794K, committed 68160K, reserved 1114112K
  class space    used 7061K, committed 7680K, reserved 1048576K
}
Event: 47.708 GC heap after
{Heap after GC invocations=83 (full 3):
 PSYoungGen      total 17920K, used 416K [0x00000000eab00000, 0x00000000ebe00000, 0x0000000100000000)
  eden space 17408K, 0% used [0x00000000eab00000,0x00000000eab00000,0x00000000ebc00000)
  from space 512K, 81% used [0x00000000ebd80000,0x00000000ebde8000,0x00000000ebe00000)
  to   space 512K, 0% used [0x00000000ebd00000,0x00000000ebd00000,0x00000000ebd80000)
 ParOldGen       total 68608K, used 66706K [0x00000000c0000000, 0x00000000c4300000, 0x00000000eab00000)
  object space 68608K, 97% used [0x00000000c0000000,0x00000000c4124898,0x00000000c4300000)
 Metaspace       used 66794K, committed 68160K, reserved 1114112K
  class space    used 7061K, committed 7680K, reserved 1048576K
}
Event: 48.130 GC heap before
{Heap before GC invocations=84 (full 3):
 PSYoungGen      total 17920K, used 17824K [0x00000000eab00000, 0x00000000ebe00000, 0x0000000100000000)
  eden space 17408K, 100% used [0x00000000eab00000,0x00000000ebc00000,0x00000000ebc00000)
  from space 512K, 81% used [0x00000000ebd80000,0x00000000ebde8000,0x00000000ebe00000)
  to   space 512K, 0% used [0x00000000ebd00000,0x00000000ebd00000,0x00000000ebd80000)
 ParOldGen       total 68608K, used 66706K [0x00000000c0000000, 0x00000000c4300000, 0x00000000eab00000)
  object space 68608K, 97% used [0x00000000c0000000,0x00000000c4124898,0x00000000c4300000)
 Metaspace       used 67354K, committed 68608K, reserved 1114112K
  class space    used 7172K, committed 7744K, reserved 1048576K
}
Event: 48.134 GC heap after
{Heap after GC invocations=84 (full 3):
 PSYoungGen      total 17920K, used 512K [0x00000000eab00000, 0x00000000ebf00000, 0x0000000100000000)
  eden space 17408K, 0% used [0x00000000eab00000,0x00000000eab00000,0x00000000ebc00000)
  from space 512K, 100% used [0x00000000ebd00000,0x00000000ebd80000,0x00000000ebd80000)
  to   space 1536K, 0% used [0x00000000ebd80000,0x00000000ebd80000,0x00000000ebf00000)
 ParOldGen       total 68608K, used 67486K [0x00000000c0000000, 0x00000000c4300000, 0x00000000eab00000)
  object space 68608K, 98% used [0x00000000c0000000,0x00000000c41e7aa8,0x00000000c4300000)
 Metaspace       used 67354K, committed 68608K, reserved 1114112K
  class space    used 7172K, committed 7744K, reserved 1048576K
}
Event: 48.455 GC heap before
{Heap before GC invocations=85 (full 3):
 PSYoungGen      total 17920K, used 17920K [0x00000000eab00000, 0x00000000ebf00000, 0x0000000100000000)
  eden space 17408K, 100% used [0x00000000eab00000,0x00000000ebc00000,0x00000000ebc00000)
  from space 512K, 100% used [0x00000000ebd00000,0x00000000ebd80000,0x00000000ebd80000)
  to   space 1536K, 0% used [0x00000000ebd80000,0x00000000ebd80000,0x00000000ebf00000)
 ParOldGen       total 68608K, used 67486K [0x00000000c0000000, 0x00000000c4300000, 0x00000000eab00000)
  object space 68608K, 98% used [0x00000000c0000000,0x00000000c41e7aa8,0x00000000c4300000)
 Metaspace       used 68499K, committed 69760K, reserved 1114112K
  class space    used 7282K, committed 7872K, reserved 1048576K
}
Event: 48.464 GC heap after
{Heap after GC invocations=85 (full 3):
 PSYoungGen      total 17408K, used 1536K [0x00000000eab00000, 0x00000000ec200000, 0x0000000100000000)
  eden space 15872K, 0% used [0x00000000eab00000,0x00000000eab00000,0x00000000eba80000)
  from space 1536K, 100% used [0x00000000ebd80000,0x00000000ebf00000,0x00000000ebf00000)
  to   space 3072K, 0% used [0x00000000eba80000,0x00000000eba80000,0x00000000ebd80000)
 ParOldGen       total 69120K, used 68662K [0x00000000c0000000, 0x00000000c4380000, 0x00000000eab00000)
  object space 69120K, 99% used [0x00000000c0000000,0x00000000c430dbe8,0x00000000c4380000)
 Metaspace       used 68499K, committed 69760K, reserved 1114112K
  class space    used 7282K, committed 7872K, reserved 1048576K
}
Event: 48.660 GC heap before
{Heap before GC invocations=86 (full 4):
 PSYoungGen      total 17408K, used 17408K [0x00000000eab00000, 0x00000000ec200000, 0x0000000100000000)
  eden space 15872K, 100% used [0x00000000eab00000,0x00000000eba80000,0x00000000eba80000)
  from space 1536K, 100% used [0x00000000ebd80000,0x00000000ebf00000,0x00000000ebf00000)
  to   space 3072K, 0% used [0x00000000eba80000,0x00000000eba80000,0x00000000ebd80000)
 ParOldGen       total 69120K, used 68662K [0x00000000c0000000, 0x00000000c4380000, 0x00000000eab00000)
  object space 69120K, 99% used [0x00000000c0000000,0x00000000c430dbe8,0x00000000c4380000)
 Metaspace       used 68568K, committed 69824K, reserved 1114112K
  class space    used 7284K, committed 7872K, reserved 1048576K
}
Event: 48.783 GC heap after
{Heap after GC invocations=86 (full 4):
 PSYoungGen      total 18944K, used 0K [0x00000000eab00000, 0x00000000ec080000, 0x0000000100000000)
  eden space 15872K, 0% used [0x00000000eab00000,0x00000000eab00000,0x00000000eba80000)
  from space 3072K, 0% used [0x00000000eba80000,0x00000000eba80000,0x00000000ebd80000)
  to   space 3072K, 0% used [0x00000000ebd80000,0x00000000ebd80000,0x00000000ec080000)
 ParOldGen       total 79360K, used 52881K [0x00000000c0000000, 0x00000000c4d80000, 0x00000000eab00000)
  object space 79360K, 66% used [0x00000000c0000000,0x00000000c33a45c8,0x00000000c4d80000)
 Metaspace       used 68567K, committed 69824K, reserved 1114112K
  class space    used 7284K, committed 7872K, reserved 1048576K
}
Event: 49.104 GC heap before
{Heap before GC invocations=87 (full 4):
 PSYoungGen      total 18944K, used 15872K [0x00000000eab00000, 0x00000000ec080000, 0x0000000100000000)
  eden space 15872K, 100% used [0x00000000eab00000,0x00000000eba80000,0x00000000eba80000)
  from space 3072K, 0% used [0x00000000eba80000,0x00000000eba80000,0x00000000ebd80000)
  to   space 3072K, 0% used [0x00000000ebd80000,0x00000000ebd80000,0x00000000ec080000)
 ParOldGen       total 79360K, used 52881K [0x00000000c0000000, 0x00000000c4d80000, 0x00000000eab00000)
  object space 79360K, 66% used [0x00000000c0000000,0x00000000c33a45c8,0x00000000c4d80000)
 Metaspace       used 68706K, committed 70016K, reserved 1114112K
  class space    used 7292K, committed 7872K, reserved 1048576K
}
Event: 49.109 GC heap after
{Heap after GC invocations=87 (full 4):
 PSYoungGen      total 17920K, used 1988K [0x00000000eab00000, 0x00000000ebf80000, 0x0000000100000000)
  eden space 15872K, 0% used [0x00000000eab00000,0x00000000eab00000,0x00000000eba80000)
  from space 2048K, 97% used [0x00000000ebd80000,0x00000000ebf713a8,0x00000000ebf80000)
  to   space 2560K, 0% used [0x00000000eba80000,0x00000000eba80000,0x00000000ebd00000)
 ParOldGen       total 79360K, used 52881K [0x00000000c0000000, 0x00000000c4d80000, 0x00000000eab00000)
  object space 79360K, 66% used [0x00000000c0000000,0x00000000c33a45c8,0x00000000c4d80000)
 Metaspace       used 68706K, committed 70016K, reserved 1114112K
  class space    used 7292K, committed 7872K, reserved 1048576K
}
Event: 49.482 GC heap before
{Heap before GC invocations=88 (full 4):
 PSYoungGen      total 17920K, used 17853K [0x00000000eab00000, 0x00000000ebf80000, 0x0000000100000000)
  eden space 15872K, 99% used [0x00000000eab00000,0x00000000eba7e228,0x00000000eba80000)
  from space 2048K, 97% used [0x00000000ebd80000,0x00000000ebf713a8,0x00000000ebf80000)
  to   space 2560K, 0% used [0x00000000eba80000,0x00000000eba80000,0x00000000ebd00000)
 ParOldGen       total 79360K, used 52881K [0x00000000c0000000, 0x00000000c4d80000, 0x00000000eab00000)
  object space 79360K, 66% used [0x00000000c0000000,0x00000000c33a45c8,0x00000000c4d80000)
 Metaspace       used 69208K, committed 70592K, reserved 1114112K
  class space    used 7348K, committed 8000K, reserved 1048576K
}
Event: 49.487 GC heap after
{Heap after GC invocations=88 (full 4):
 PSYoungGen      total 18432K, used 2545K [0x00000000eab00000, 0x00000000ec980000, 0x0000000100000000)
  eden space 15872K, 0% used [0x00000000eab00000,0x00000000eab00000,0x00000000eba80000)
  from space 2560K, 99% used [0x00000000eba80000,0x00000000ebcfc758,0x00000000ebd00000)
  to   space 7680K, 0% used [0x00000000ec200000,0x00000000ec200000,0x00000000ec980000)
 ParOldGen       total 79360K, used 57129K [0x00000000c0000000, 0x00000000c4d80000, 0x00000000eab00000)
  object space 79360K, 71% used [0x00000000c0000000,0x00000000c37ca7a0,0x00000000c4d80000)
 Metaspace       used 69208K, committed 70592K, reserved 1114112K
  class space    used 7348K, committed 8000K, reserved 1048576K
}
Event: 49.954 GC heap before
{Heap before GC invocations=89 (full 4):
 PSYoungGen      total 18432K, used 18417K [0x00000000eab00000, 0x00000000ec980000, 0x0000000100000000)
  eden space 15872K, 100% used [0x00000000eab00000,0x00000000eba80000,0x00000000eba80000)
  from space 2560K, 99% used [0x00000000eba80000,0x00000000ebcfc758,0x00000000ebd00000)
  to   space 7680K, 0% used [0x00000000ec200000,0x00000000ec200000,0x00000000ec980000)
 ParOldGen       total 79360K, used 57129K [0x00000000c0000000, 0x00000000c4d80000, 0x00000000eab00000)
  object space 79360K, 71% used [0x00000000c0000000,0x00000000c37ca7a0,0x00000000c4d80000)
 Metaspace       used 70422K, committed 71744K, reserved 1114112K
  class space    used 7463K, committed 8064K, reserved 1048576K
}
Event: 49.958 GC heap after
{Heap after GC invocations=89 (full 4):
 PSYoungGen      total 17920K, used 1796K [0x00000000eab00000, 0x00000000ec400000, 0x0000000100000000)
  eden space 15872K, 0% used [0x00000000eab00000,0x00000000eab00000,0x00000000eba80000)
  from space 2048K, 87% used [0x00000000ec200000,0x00000000ec3c12a0,0x00000000ec400000)
  to   space 4096K, 0% used [0x00000000ebc00000,0x00000000ebc00000,0x00000000ec000000)
 ParOldGen       total 79360K, used 59633K [0x00000000c0000000, 0x00000000c4d80000, 0x00000000eab00000)
  object space 79360K, 75% used [0x00000000c0000000,0x00000000c3a3c6b0,0x00000000c4d80000)
 Metaspace       used 70422K, committed 71744K, reserved 1114112K
  class space    used 7463K, committed 8064K, reserved 1048576K
}
Event: 50.826 GC heap before
{Heap before GC invocations=90 (full 4):
 PSYoungGen      total 17920K, used 17654K [0x00000000eab00000, 0x00000000ec400000, 0x0000000100000000)
  eden space 15872K, 99% used [0x00000000eab00000,0x00000000eba7c840,0x00000000eba80000)
  from space 2048K, 87% used [0x00000000ec200000,0x00000000ec3c12a0,0x00000000ec400000)
  to   space 4096K, 0% used [0x00000000ebc00000,0x00000000ebc00000,0x00000000ec000000)
 ParOldGen       total 79360K, used 59633K [0x00000000c0000000, 0x00000000c4d80000, 0x00000000eab00000)
  object space 79360K, 75% used [0x00000000c0000000,0x00000000c3a3c6b0,0x00000000c4d80000)
 Metaspace       used 71061K, committed 72384K, reserved 1114112K
  class space    used 7522K, committed 8128K, reserved 1048576K
}
Event: 50.829 GC heap after
{Heap after GC invocations=90 (full 4):
 PSYoungGen      total 18432K, used 2461K [0x00000000eab00000, 0x00000000ec280000, 0x0000000100000000)
  eden space 15872K, 0% used [0x00000000eab00000,0x00000000eab00000,0x00000000eba80000)
  from space 2560K, 96% used [0x00000000ebc00000,0x00000000ebe67740,0x00000000ebe80000)
  to   space 3072K, 0% used [0x00000000ebf80000,0x00000000ebf80000,0x00000000ec280000)
 ParOldGen       total 79360K, used 61200K [0x00000000c0000000, 0x00000000c4d80000, 0x00000000eab00000)
  object space 79360K, 77% used [0x00000000c0000000,0x00000000c3bc4090,0x00000000c4d80000)
 Metaspace       used 71061K, committed 72384K, reserved 1114112K
  class space    used 7522K, committed 8128K, reserved 1048576K
}
Event: 51.051 GC heap before
{Heap before GC invocations=91 (full 4):
 PSYoungGen      total 18432K, used 18333K [0x00000000eab00000, 0x00000000ec280000, 0x0000000100000000)
  eden space 15872K, 100% used [0x00000000eab00000,0x00000000eba80000,0x00000000eba80000)
  from space 2560K, 96% used [0x00000000ebc00000,0x00000000ebe67740,0x00000000ebe80000)
  to   space 3072K, 0% used [0x00000000ebf80000,0x00000000ebf80000,0x00000000ec280000)
 ParOldGen       total 79360K, used 61200K [0x00000000c0000000, 0x00000000c4d80000, 0x00000000eab00000)
  object space 79360K, 77% used [0x00000000c0000000,0x00000000c3bc4090,0x00000000c4d80000)
 Metaspace       used 71276K, committed 72576K, reserved 1114112K
  class space    used 7546K, committed 8128K, reserved 1048576K
}
Event: 51.053 GC heap after
{Heap after GC invocations=91 (full 4):
 PSYoungGen      total 16896K, used 1017K [0x00000000eab00000, 0x00000000ec080000, 0x0000000100000000)
  eden space 15872K, 0% used [0x00000000eab00000,0x00000000eab00000,0x00000000eba80000)
  from space 1024K, 99% used [0x00000000ebf80000,0x00000000ec07e5d0,0x00000000ec080000)
  to   space 2048K, 0% used [0x00000000ebc80000,0x00000000ebc80000,0x00000000ebe80000)
 ParOldGen       total 79360K, used 63199K [0x00000000c0000000, 0x00000000c4d80000, 0x00000000eab00000)
  object space 79360K, 79% used [0x00000000c0000000,0x00000000c3db7c70,0x00000000c4d80000)
 Metaspace       used 71276K, committed 72576K, reserved 1114112K
  class space    used 7546K, committed 8128K, reserved 1048576K
}
Event: 51.952 GC heap before
{Heap before GC invocations=92 (full 4):
 PSYoungGen      total 16896K, used 16889K [0x00000000eab00000, 0x00000000ec080000, 0x0000000100000000)
  eden space 15872K, 99% used [0x00000000eab00000,0x00000000eba7ffb8,0x00000000eba80000)
  from space 1024K, 99% used [0x00000000ebf80000,0x00000000ec07e5d0,0x00000000ec080000)
  to   space 2048K, 0% used [0x00000000ebc80000,0x00000000ebc80000,0x00000000ebe80000)
 ParOldGen       total 79360K, used 63199K [0x00000000c0000000, 0x00000000c4d80000, 0x00000000eab00000)
  object space 79360K, 79% used [0x00000000c0000000,0x00000000c3db7c70,0x00000000c4d80000)
 Metaspace       used 72141K, committed 73408K, reserved 1114112K
  class space    used 7620K, committed 8192K, reserved 1048576K
}
Event: 51.956 GC heap after
{Heap after GC invocations=92 (full 4):
 PSYoungGen      total 17920K, used 1636K [0x00000000eab00000, 0x00000000ec000000, 0x0000000100000000)
  eden space 15872K, 0% used [0x00000000eab00000,0x00000000eab00000,0x00000000eba80000)
  from space 2048K, 79% used [0x00000000ebc80000,0x00000000ebe19210,0x00000000ebe80000)
  to   space 1536K, 0% used [0x00000000ebe80000,0x00000000ebe80000,0x00000000ec000000)
 ParOldGen       total 79360K, used 64028K [0x00000000c0000000, 0x00000000c4d80000, 0x00000000eab00000)
  object space 79360K, 80% used [0x00000000c0000000,0x00000000c3e873b0,0x00000000c4d80000)
 Metaspace       used 72141K, committed 73408K, reserved 1114112K
  class space    used 7620K, committed 8192K, reserved 1048576K
}

